<?xml version="1.0" encoding="UTF-8"?>
<testsuite name="test.DuckStateTest" tests="6" skipped="0" failures="0" errors="0" timestamp="2025-09-09T10:32:42.254Z" hostname="IT020A69282" time="0.013">
  <properties/>
  <testcase name="testParameterizedConstructor()" classname="test.DuckStateTest" time="0.001"/>
  <testcase name="testSaveAndLoad()" classname="test.DuckStateTest" time="0.008"/>
  <testcase name="testSetAndGetCommits()" classname="test.DuckStateTest" time="0.0"/>
  <testcase name="testSetAndGetStage()" classname="test.DuckStateTest" time="0.001"/>
  <testcase name="testLoadNonExistentFile()" classname="test.DuckStateTest" time="0.0"/>
  <testcase name="testDefaultConstructor()" classname="test.DuckStateTest" time="0.001"/>
  <system-out><![CDATA[]]></system-out>
  <system-err><![CDATA[]]></system-err>
</testsuite>
