<?xml version="1.0" encoding="UTF-8"?>
<testsuite name="test.GitUtilsTest" tests="4" skipped="0" failures="0" errors="0" timestamp="2025-09-09T10:32:42.272Z" hostname="IT020A69282" time="0.063">
  <properties/>
  <testcase name="testGetCommitCount()" classname="test.GitUtilsTest" time="0.028"/>
  <testcase name="testGetCurrentBranch()" classname="test.GitUtilsTest" time="0.017"/>
  <testcase name="testIsGitRepository()" classname="test.GitUtilsTest" time="0.017"/>
  <testcase name="testGitUtilsInstantiation()" classname="test.GitUtilsTest" time="0.0"/>
  <system-out><![CDATA[]]></system-out>
  <system-err><![CDATA[]]></system-err>
</testsuite>
