<?xml version="1.0" encoding="UTF-8"?>
<testsuite name="test.EvolutionTest" tests="8" skipped="0" failures="0" errors="0" timestamp="2025-09-09T10:32:42.267Z" hostname="IT020A69282" time="0.004">
  <properties/>
  <testcase name="testGetEmojiForCommits()" classname="test.EvolutionTest" time="0.001"/>
  <testcase name="testGetStageNameForCommits()" classname="test.EvolutionTest" time="0.001"/>
  <testcase name="testGetStageForCommits_DucklingStage()" classname="test.EvolutionTest" time="0.0"/>
  <testcase name="testGetStageForCommits_AdultStage()" classname="test.EvolutionTest" time="0.0"/>
  <testcase name="testGetStageForCommits_TeenStage()" classname="test.EvolutionTest" time="0.0"/>
  <testcase name="testGetStageForCommits_EggStage()" classname="test.EvolutionTest" time="0.0"/>
  <testcase name="testStageEnumProperties()" classname="test.EvolutionTest" time="0.0"/>
  <testcase name="testGetStageForCommits_LegendStage()" classname="test.EvolutionTest" time="0.0"/>
  <system-out><![CDATA[]]></system-out>
  <system-err><![CDATA[]]></system-err>
</testsuite>
